<?xml version="1.0" encoding="UTF-8"?>
<!-- Generated by org.testng.reporters.JUnitReportReporter -->
<testsuite hostname="IBM-392NSV3" failures="0" tests="1" name="winnerXD.Tests.SubmitOrder" time="17.100" errors="0" timestamp="2025-05-04T19:27:19 IST" skipped="0">
  <testcase classname="winnerXD.Tests.SubmitOrder" name="submitOrder" time="17.100"/>
</testsuite> <!-- winnerXD.Tests.SubmitOrder -->
