<?xml version="1.0" encoding="UTF-8"?>
<!-- Generated by org.testng.reporters.JUnitReportReporter -->
<testsuite hostname="IBM-392NSV3" failures="0" tests="2" name="cucumber.TestNGTestRunner" time="40.449" errors="0" timestamp="2025-05-22T14:50:35 IST" skipped="0">
  <testcase classname="cucumber.TestNGTestRunner" name="runScenario" time="22.057"/>
  <testcase classname="cucumber.TestNGTestRunner" name="runScenario" time="18.392"/>
</testsuite> <!-- cucumber.TestNGTestRunner -->
