<?xml version="1.0" encoding="UTF-8"?>
<!-- Generated by org.testng.reporters.JUnitReportReporter -->
<testsuite hostname="IBM-392NSV3" failures="0" tests="4" name="winnerXD.Tests.SubmitOrderTest" time="39.414" errors="0" timestamp="2025-05-22T15:22:39 IST" skipped="0">
  <testcase classname="winnerXD.Tests.SubmitOrderTest" name="SubmitOrder" time="13.465"/>
  <testcase classname="winnerXD.Tests.SubmitOrderTest" name="SubmitOrder" time="18.342"/>
  <testcase classname="winnerXD.Tests.SubmitOrderTest" name="OrderHistoryTest" time="4.818"/>
  <testcase classname="winnerXD.Tests.SubmitOrderTest" name="OrderHistoryTest" time="2.789"/>
</testsuite> <!-- winnerXD.Tests.SubmitOrderTest -->
