<?xml version="1.0" encoding="UTF-8"?>
<!-- Generated by org.testng.reporters.JUnitReportReporter -->
<testsuite hostname="IBM-392NSV3" failures="0" tests="2" name="winnerXD.Tests.ErrorValidation" time="18.662" errors="0" timestamp="2025-05-22T15:22:39 IST" skipped="0">
  <testcase classname="winnerXD.Tests.ErrorValidation" name="LoginErrorValidation" time="3.533"/>
  <testcase classname="winnerXD.Tests.ErrorValidation" name="productErrorValidation" time="15.129"/>
</testsuite> <!-- winnerXD.Tests.ErrorValidation -->
